<?xml version="1.0" encoding="UTF-8"?>
<testng-results skipped="0" failed="0" total="1" passed="1">
  <reporter-output>
  </reporter-output>
  <suite name="GoogleTest" duration-ms="29183" started-at="2016-11-04T02:00:35Z" finished-at="2016-11-04T02:01:05Z">
    <groups>
    </groups>
    <test name="Command line test" duration-ms="29183" started-at="2016-11-04T02:00:35Z" finished-at="2016-11-04T02:01:05Z">
      <class name="GoogleTest">
        <test-method status="PASS" signature="testGoogle()[pri:0, instance:GoogleTest@3d24753a]" name="testGoogle" duration-ms="29154" started-at="2016-11-04T07:30:35Z" finished-at="2016-11-04T07:31:05Z">
          <reporter-output>
          </reporter-output>
        </test-method> <!-- testGoogle -->
      </class> <!-- GoogleTest -->
    </test> <!-- Command line test -->
  </suite> <!-- GoogleTest -->
</testng-results>
